<?xml version="1.0" encoding="UTF-8"?>
<!-- Generated by org.testng.reporters.JUnitXMLReporter -->
<testsuite ignored="0" hostname="lenovo-Lenovo-V15-ADA" failures="0" tests="5" name="Default test" time="2.664" errors="0" timestamp="2022-10-10T18:14:41 IST">
  <testcase classname="org.anson.RestAssuredDemo.DataProvider2" name="postTestExcel" time="1.647"/>
  <testcase classname="org.anson.RestAssuredDemo.DataProvider2" name="postTestExcel" time="0.036"/>
  <testcase classname="org.anson.RestAssuredDemo.DataProvider2" name="postTestExcel" time="0.029"/>
  <testcase classname="org.anson.RestAssuredDemo.DataProvider2" name="postTestExcel" time="0.039"/>
  <testcase classname="org.anson.RestAssuredDemo.DataProvider2" name="postTestExcel" time="0.113"/>
</testsuite> <!-- Default test -->
