<?xml version="1.0" encoding="UTF-8"?>
<testng-results ignored="0" total="2" passed="2" failed="0" skipped="0">
  <reporter-output>
  </reporter-output>
  <suite started-at="2022-10-09T10:54:49 IST" name="Default suite" finished-at="2022-10-09T10:54:52 IST" duration-ms="3531">
    <groups>
    </groups>
    <test started-at="2022-10-09T10:54:49 IST" name="Default test" finished-at="2022-10-09T10:54:52 IST" duration-ms="3531">
      <class name="org.anson.RestAssuredDemo.GetReqDemo">
        <test-method signature="TestStatusCode()[pri:0, instance:org.anson.RestAssuredDemo.GetReqDemo@793be5ca]" started-at="2022-10-09T10:54:49 IST" name="TestStatusCode" finished-at="2022-10-09T10:54:52 IST" duration-ms="3076" status="PASS">
          <reporter-output>
          </reporter-output>
        </test-method> <!-- TestStatusCode -->
        <test-method signature="test2()[pri:0, instance:org.anson.RestAssuredDemo.GetReqDemo@793be5ca]" started-at="2022-10-09T10:54:52 IST" name="test2" finished-at="2022-10-09T10:54:52 IST" duration-ms="383" status="PASS">
          <reporter-output>
          </reporter-output>
        </test-method> <!-- test2 -->
      </class> <!-- org.anson.RestAssuredDemo.GetReqDemo -->
    </test> <!-- Default test -->
  </suite> <!-- Default suite -->
</testng-results>
