<?xml version="1.0" encoding="UTF-8"?>
<testng-results ignored="0" total="1" passed="1" failed="0" skipped="0">
  <reporter-output>
  </reporter-output>
  <suite started-at="2022-10-08T21:47:44 IST" name="Default suite" finished-at="2022-10-08T21:47:47 IST" duration-ms="3021">
    <groups>
    </groups>
    <test started-at="2022-10-08T21:47:44 IST" name="Default test" finished-at="2022-10-08T21:47:47 IST" duration-ms="3021">
      <class name="org.anson.RestAssuredDemo.GetReqDemo">
        <test-method signature="TestStatusCode()[pri:0, instance:org.anson.RestAssuredDemo.GetReqDemo@793be5ca]" started-at="2022-10-08T21:47:44 IST" name="TestStatusCode" finished-at="2022-10-08T21:47:47 IST" duration-ms="2965" status="PASS">
          <reporter-output>
          </reporter-output>
        </test-method> <!-- TestStatusCode -->
      </class> <!-- org.anson.RestAssuredDemo.GetReqDemo -->
    </test> <!-- Default test -->
  </suite> <!-- Default suite -->
</testng-results>
