<?xml version="1.0" encoding="UTF-8"?>
<testng-results ignored="0" total="5" passed="5" failed="0" skipped="0">
  <reporter-output>
  </reporter-output>
  <suite started-at="2022-10-10T18:14:38 IST" name="Default suite" finished-at="2022-10-10T18:14:41 IST" duration-ms="2664">
    <groups>
    </groups>
    <test started-at="2022-10-10T18:14:38 IST" name="Default test" finished-at="2022-10-10T18:14:41 IST" duration-ms="2664">
      <class name="org.anson.RestAssuredDemo.DataProvider2">
        <test-method signature="postTestExcel(java.lang.Object,java.lang.Object,java.lang.Object)[pri:0, instance:org.anson.RestAssuredDemo.DataProvider2@156b88f5]" started-at="2022-10-10T18:14:39 IST" name="postTestExcel" data-provider="excelData" finished-at="2022-10-10T18:14:40 IST" duration-ms="1647" status="PASS">
          <params>
            <param index="0">
              <value>
                <![CDATA[Anson_1]]>
              </value>
            </param>
            <param index="1">
              <value>
                <![CDATA[34]]>
              </value>
            </param>
            <param index="2">
              <value>
                <![CDATA[QA_3]]>
              </value>
            </param>
          </params>
          <reporter-output>
          </reporter-output>
        </test-method> <!-- postTestExcel -->
        <test-method signature="postTestExcel(java.lang.Object,java.lang.Object,java.lang.Object)[pri:0, instance:org.anson.RestAssuredDemo.DataProvider2@156b88f5]" started-at="2022-10-10T18:14:40 IST" name="postTestExcel" data-provider="excelData" finished-at="2022-10-10T18:14:40 IST" duration-ms="36" status="PASS">
          <params>
            <param index="0">
              <value>
                <![CDATA[Anson_2]]>
              </value>
            </param>
            <param index="1">
              <value>
                <![CDATA[35]]>
              </value>
            </param>
            <param index="2">
              <value>
                <![CDATA[QA_4]]>
              </value>
            </param>
          </params>
          <reporter-output>
          </reporter-output>
        </test-method> <!-- postTestExcel -->
        <test-method signature="postTestExcel(java.lang.Object,java.lang.Object,java.lang.Object)[pri:0, instance:org.anson.RestAssuredDemo.DataProvider2@156b88f5]" started-at="2022-10-10T18:14:40 IST" name="postTestExcel" data-provider="excelData" finished-at="2022-10-10T18:14:40 IST" duration-ms="29" status="PASS">
          <params>
            <param index="0">
              <value>
                <![CDATA[Anson_3]]>
              </value>
            </param>
            <param index="1">
              <value>
                <![CDATA[36]]>
              </value>
            </param>
            <param index="2">
              <value>
                <![CDATA[QA_5]]>
              </value>
            </param>
          </params>
          <reporter-output>
          </reporter-output>
        </test-method> <!-- postTestExcel -->
        <test-method signature="postTestExcel(java.lang.Object,java.lang.Object,java.lang.Object)[pri:0, instance:org.anson.RestAssuredDemo.DataProvider2@156b88f5]" started-at="2022-10-10T18:14:40 IST" name="postTestExcel" data-provider="excelData" finished-at="2022-10-10T18:14:40 IST" duration-ms="39" status="PASS">
          <params>
            <param index="0">
              <value>
                <![CDATA[Anson_4]]>
              </value>
            </param>
            <param index="1">
              <value>
                <![CDATA[37]]>
              </value>
            </param>
            <param index="2">
              <value>
                <![CDATA[QA_6]]>
              </value>
            </param>
          </params>
          <reporter-output>
          </reporter-output>
        </test-method> <!-- postTestExcel -->
        <test-method signature="postTestExcel(java.lang.Object,java.lang.Object,java.lang.Object)[pri:0, instance:org.anson.RestAssuredDemo.DataProvider2@156b88f5]" started-at="2022-10-10T18:14:40 IST" name="postTestExcel" data-provider="excelData" finished-at="2022-10-10T18:14:41 IST" duration-ms="113" status="PASS">
          <params>
            <param index="0">
              <value>
                <![CDATA[Anson_5]]>
              </value>
            </param>
            <param index="1">
              <value>
                <![CDATA[38]]>
              </value>
            </param>
            <param index="2">
              <value>
                <![CDATA[QA_7]]>
              </value>
            </param>
          </params>
          <reporter-output>
          </reporter-output>
        </test-method> <!-- postTestExcel -->
      </class> <!-- org.anson.RestAssuredDemo.DataProvider2 -->
    </test> <!-- Default test -->
  </suite> <!-- Default suite -->
</testng-results>
