<?xml version="1.0" encoding="UTF-8"?>
<testng-results ignored="0" total="1" passed="1" failed="0" skipped="0">
  <reporter-output>
  </reporter-output>
  <suite started-at="2022-10-09T19:08:37 IST" name="Default suite" finished-at="2022-10-09T19:08:38 IST" duration-ms="1681">
    <groups>
    </groups>
    <test started-at="2022-10-09T19:08:37 IST" name="Default test" finished-at="2022-10-09T19:08:38 IST" duration-ms="1681">
      <class name="org.anson.RestAssuredDemo.RestWithMock">
        <test-method signature="deleteTest()[pri:0, instance:org.anson.RestAssuredDemo.RestWithMock@101952da]" started-at="2022-10-09T19:08:37 IST" name="deleteTest" finished-at="2022-10-09T19:08:38 IST" duration-ms="1620" status="PASS">
          <reporter-output>
          </reporter-output>
        </test-method> <!-- deleteTest -->
      </class> <!-- org.anson.RestAssuredDemo.RestWithMock -->
    </test> <!-- Default test -->
  </suite> <!-- Default suite -->
</testng-results>
